
Number of Neurons in layer[1]=7
Number of Neurons in layer[2]=10
Number of Neurons in layer[3]=5
Alpha value(Momentum factor): 0.900000
Error constant : 0.001000
Learning rate : 0.600000
Threshold value : 0.000000
Scaling Parameter: 1.000000
No of Training data : 32
Maximum Iteration : 500
Weights[0]:7
10
0.248039
0.355892
-0.080493
-0.281030
-0.106189
0.016343
0.107532
-0.241905
-0.367061
0.231285
0.159810
-0.472564
0.493652
0.301386
-0.481353
0.167440
0.152669
0.401700
-0.457915
0.454009
0.232047
0.317194
0.422605
-0.332240
-0.183950
-0.483856
0.091815
-0.495605
-0.154469
-0.407437
0.018174
0.307184
-0.454802
-0.390835
0.303217
0.402890
-0.459502
0.371792
-0.017167
-0.177175
-0.179983
0.166952
-0.059801
0.189627
0.200156
-0.006607
0.335963
0.051195
0.447630
-0.181082
-0.037767
0.443571
-0.283380
-0.105762
0.427091
-0.036912
0.456847
-0.345851
-0.425169
0.129963
0.448027
0.238395
0.049272
0.323878
0.118030
0.162618
0.405606
0.073138
-0.199667
0.170980

Weights[1]:10
5
-0.322657
-0.021317
0.087237
-0.198263
-0.195120
0.054033
-0.065294
-0.302972
-0.168813
-0.237541
-0.324030
0.187826
0.271630
-0.467132
-0.400845
0.185629
-0.436094
0.035203
0.245750
-0.087725
0.004074
-0.003037
0.085925
0.498535
0.075365
-0.157918
-0.272607
-0.016800
-0.424375
-0.066851
0.313257
-0.255821
0.450163
-0.301416
0.265831
-0.108234
-0.264458
0.425626
0.032487
-0.343287
-0.478820
0.000717
-0.010575
0.303491
0.334834
0.378475
0.160207
-0.400204
-0.142262
0.060167
 1.241E-001
 7.745E-002
 7.389E-002
 6.924E-002
 6.509E-002
 6.332E-002
 6.117E-002
 5.851E-002
 5.548E-002
 5.204E-002
 4.832E-002
 4.471E-002
 4.142E-002
 3.850E-002
 3.606E-002
 3.409E-002
 3.246E-002
 3.110E-002
 3.000E-002
 2.913E-002
 2.842E-002
 2.785E-002
 2.737E-002
 2.696E-002
 2.661E-002
 2.631E-002
 2.604E-002
 2.581E-002
 2.560E-002
 2.540E-002
 2.523E-002
 2.507E-002
 2.492E-002
 2.479E-002
 2.466E-002
 2.455E-002
 2.444E-002
 2.434E-002
 2.425E-002
 2.416E-002
 2.408E-002
 2.400E-002
 2.392E-002
 2.385E-002
 2.379E-002
 2.372E-002
 2.366E-002
 2.360E-002
 2.355E-002
 2.349E-002
 2.344E-002
 2.339E-002
 2.334E-002
 2.329E-002
 2.325E-002
 2.320E-002
 2.316E-002
 2.311E-002
 2.307E-002
 2.303E-002
 2.299E-002
 2.295E-002
 2.291E-002
 2.287E-002
 2.283E-002
 2.279E-002
 2.276E-002
 2.272E-002
 2.269E-002
 2.265E-002
 2.262E-002
 2.258E-002
 2.255E-002
 2.252E-002
 2.248E-002
 2.245E-002
 2.242E-002
 2.239E-002
 2.236E-002
 2.233E-002
 2.230E-002
 2.227E-002
 2.224E-002
 2.221E-002
 2.218E-002
 2.215E-002
 2.212E-002
 2.209E-002
 2.207E-002
 2.204E-002
 2.201E-002
 2.198E-002
 2.196E-002
 2.193E-002
 2.191E-002
 2.188E-002
 2.186E-002
 2.183E-002
 2.181E-002
 2.178E-002
 2.176E-002
 2.173E-002
 2.171E-002
 2.169E-002
 2.166E-002
 2.164E-002
 2.162E-002
 2.160E-002
 2.158E-002
 2.155E-002
 2.153E-002
 2.151E-002
 2.149E-002
 2.147E-002
 2.145E-002
 2.143E-002
 2.141E-002
 2.139E-002
 2.137E-002
 2.135E-002
 2.133E-002
 2.131E-002
 2.129E-002
 2.127E-002
 2.125E-002
 2.123E-002
 2.122E-002
 2.120E-002
 2.118E-002
 2.116E-002
 2.115E-002
 2.113E-002
 2.111E-002
 2.109E-002
 2.108E-002
 2.106E-002
 2.104E-002
 2.103E-002
 2.101E-002
 2.099E-002
 2.098E-002
 2.096E-002
 2.095E-002
 2.093E-002
 2.091E-002
 2.090E-002
 2.088E-002
 2.087E-002
 2.085E-002
 2.084E-002
 2.082E-002
 2.081E-002
 2.079E-002
 2.078E-002
 2.077E-002
 2.075E-002
 2.074E-002
 2.072E-002
 2.071E-002
 2.069E-002
 2.068E-002
 2.067E-002
 2.065E-002
 2.064E-002
 2.062E-002
 2.061E-002
 2.060E-002
 2.058E-002
 2.057E-002
 2.056E-002
 2.054E-002
 2.053E-002
 2.052E-002
 2.050E-002
 2.049E-002
 2.048E-002
 2.047E-002
 2.045E-002
 2.044E-002
 2.043E-002
 2.041E-002
 2.040E-002
 2.039E-002
 2.037E-002
 2.036E-002
 2.035E-002
 2.034E-002
 2.032E-002
 2.031E-002
 2.030E-002
 2.029E-002
 2.027E-002
 2.026E-002
 2.025E-002
 2.024E-002
 2.022E-002
 2.021E-002
 2.020E-002
 2.019E-002
 2.017E-002
 2.016E-002
 2.015E-002
 2.013E-002
 2.012E-002
 2.011E-002
 2.010E-002
 2.008E-002
 2.007E-002
 2.006E-002
 2.005E-002
 2.003E-002
 2.002E-002
 2.001E-002
 2.000E-002
 1.998E-002
 1.997E-002
 1.996E-002
 1.994E-002
 1.993E-002
 1.992E-002
 1.991E-002
 1.989E-002
 1.988E-002
 1.987E-002
 1.985E-002
 1.984E-002
 1.983E-002
 1.981E-002
 1.980E-002
 1.979E-002
 1.977E-002
 1.976E-002
 1.975E-002
 1.973E-002
 1.972E-002
 1.971E-002
 1.969E-002
 1.968E-002
 1.967E-002
 1.965E-002
 1.964E-002
 1.963E-002
 1.961E-002
 1.960E-002
 1.958E-002
 1.957E-002
 1.956E-002
 1.954E-002
 1.953E-002
 1.951E-002
 1.950E-002
 1.948E-002
 1.947E-002
 1.946E-002
 1.944E-002
 1.943E-002
 1.941E-002
 1.940E-002
 1.938E-002
 1.937E-002
 1.935E-002
 1.934E-002
 1.932E-002
 1.931E-002
 1.929E-002
 1.928E-002
 1.926E-002
 1.925E-002
 1.923E-002
 1.922E-002
 1.920E-002
 1.918E-002
 1.917E-002
 1.915E-002
 1.914E-002
 1.912E-002
 1.910E-002
 1.909E-002
 1.907E-002
 1.906E-002
 1.904E-002
 1.902E-002
 1.901E-002
 1.899E-002
 1.897E-002
 1.896E-002
 1.894E-002
 1.892E-002
 1.890E-002
 1.889E-002
 1.887E-002
 1.885E-002
 1.884E-002
 1.882E-002
 1.880E-002
 1.878E-002
 1.877E-002
 1.875E-002
 1.873E-002
 1.871E-002
 1.869E-002
 1.868E-002
 1.866E-002
 1.864E-002
 1.862E-002
 1.860E-002
 1.858E-002
 1.857E-002
 1.855E-002
 1.853E-002
 1.851E-002
 1.849E-002
 1.847E-002
 1.845E-002
 1.843E-002
 1.841E-002
 1.840E-002
 1.838E-002
 1.836E-002
 1.834E-002
 1.832E-002
 1.830E-002
 1.828E-002
 1.826E-002
 1.824E-002
 1.822E-002
 1.820E-002
 1.818E-002
 1.816E-002
 1.814E-002
 1.812E-002
 1.810E-002
 1.808E-002
 1.806E-002
 1.804E-002
 1.802E-002
 1.800E-002
 1.798E-002
 1.795E-002
 1.793E-002
 1.791E-002
 1.789E-002
 1.787E-002
 1.785E-002
 1.783E-002
 1.781E-002
 1.779E-002
 1.777E-002
 1.775E-002
 1.772E-002
 1.770E-002
 1.768E-002
 1.766E-002
 1.764E-002
 1.762E-002
 1.760E-002
 1.758E-002
 1.755E-002
 1.753E-002
 1.751E-002
 1.749E-002
 1.747E-002
 1.745E-002
 1.743E-002
 1.741E-002
 1.738E-002
 1.736E-002
 1.734E-002
 1.732E-002
 1.730E-002
 1.728E-002
 1.726E-002
 1.724E-002
 1.721E-002
 1.719E-002
 1.717E-002
 1.715E-002
 1.713E-002
 1.711E-002
 1.709E-002
 1.707E-002
 1.705E-002
 1.703E-002
 1.701E-002
 1.699E-002
 1.697E-002
 1.695E-002
 1.693E-002
 1.691E-002
 1.689E-002
 1.687E-002
 1.685E-002
 1.683E-002
 1.681E-002
 1.679E-002
 1.677E-002
 1.675E-002
 1.673E-002
 1.671E-002
 1.669E-002
 1.667E-002
 1.665E-002
 1.663E-002
 1.661E-002
 1.659E-002
 1.657E-002
 1.655E-002
 1.653E-002
 1.652E-002
 1.650E-002
 1.648E-002
 1.646E-002
 1.644E-002
 1.642E-002
 1.640E-002
 1.638E-002
 1.637E-002
 1.635E-002
 1.633E-002
 1.631E-002
 1.629E-002
 1.627E-002
 1.626E-002
 1.624E-002
 1.622E-002
 1.620E-002
 1.618E-002
 1.616E-002
 1.615E-002
 1.613E-002
 1.611E-002
 1.609E-002
 1.607E-002
 1.606E-002
 1.604E-002
 1.602E-002
 1.600E-002
 1.599E-002
 1.597E-002
 1.595E-002
 1.593E-002
 1.592E-002
 1.590E-002
 1.588E-002
 1.586E-002
 1.585E-002
 1.583E-002
 1.581E-002
 1.579E-002
 1.578E-002
 1.576E-002
 1.574E-002
 1.573E-002
 1.571E-002
 1.569E-002
 1.567E-002
 1.566E-002
 1.564E-002
 1.562E-002
 1.561E-002
 1.559E-002
 1.557E-002
 1.556E-002
 1.554E-002
 1.552E-002
 1.551E-002
 1.549E-002
 1.548E-002
 1.546E-002
 1.544E-002
 1.543E-002
 1.541E-002
 1.539E-002
 1.538E-002
 1.536E-002
 1.535E-002
 1.533E-002
 1.531E-002
 1.530E-002
 1.528E-002
 1.527E-002
 1.525E-002
 1.523E-002
 1.522E-002
 1.520E-002
 1.519E-002
 1.517E-002
 1.516E-002
 1.514E-002
 1.513E-002
 1.511E-002
 1.510E-002
 1.508E-002
 1.507E-002
 1.505E-002
 1.503E-002
 1.502E-002
 1.500E-002
 1.499E-002
 1.497E-002
